<?xml version="1.0" encoding="UTF-8"?>
<testng-results skipped="0" failed="0" ignored="0" total="3" passed="3">
  <reporter-output>
  </reporter-output>
  <suite name="Default suite" duration-ms="71898" started-at="2025-02-21T16:44:47 IST" finished-at="2025-02-21T16:45:59 IST">
    <groups>
    </groups>
    <test name="Default test" duration-ms="71898" started-at="2025-02-21T16:44:47 IST" finished-at="2025-02-21T16:45:59 IST">
      <class name="com.ebanking.master.Exepom">
        <test-method status="PASS" signature="Algn()[pri:0, instance:com.ebanking.master.Exepom@69a3d1d]" name="Algn" is-config="true" duration-ms="12372" started-at="2025-02-21T16:44:47 IST" finished-at="2025-02-21T16:45:00 IST">
          <reporter-output>
          </reporter-output>
        </test-method> <!-- Algn -->
        <test-method status="PASS" signature="Role(java.lang.String,java.lang.String)[pri:0, instance:com.ebanking.master.Exepom@69a3d1d]" name="Role" duration-ms="20002" started-at="2025-02-21T16:45:00 IST" data-provider="Rdata" finished-at="2025-02-21T16:45:20 IST">
          <params>
            <param index="0">
              <value>
                <![CDATA[TellerAxisBank]]>
              </value>
            </param>
            <param index="1">
              <value>
                <![CDATA[E]]>
              </value>
            </param>
          </params>
          <reporter-output>
          </reporter-output>
        </test-method> <!-- Role -->
        <test-method status="PASS" signature="Role(java.lang.String,java.lang.String)[pri:0, instance:com.ebanking.master.Exepom@69a3d1d]" name="Role" duration-ms="19712" started-at="2025-02-21T16:45:20 IST" data-provider="Rdata" finished-at="2025-02-21T16:45:40 IST">
          <params>
            <param index="0">
              <value>
                <![CDATA[CashierAxisBank]]>
              </value>
            </param>
            <param index="1">
              <value>
                <![CDATA[E]]>
              </value>
            </param>
          </params>
          <reporter-output>
          </reporter-output>
        </test-method> <!-- Role -->
        <test-method status="PASS" signature="Role(java.lang.String,java.lang.String)[pri:0, instance:com.ebanking.master.Exepom@69a3d1d]" name="Role" duration-ms="19703" started-at="2025-02-21T16:45:40 IST" data-provider="Rdata" finished-at="2025-02-21T16:45:59 IST">
          <params>
            <param index="0">
              <value>
                <![CDATA[GenManagerAxisBank]]>
              </value>
            </param>
            <param index="1">
              <value>
                <![CDATA[E]]>
              </value>
            </param>
          </params>
          <reporter-output>
          </reporter-output>
        </test-method> <!-- Role -->
      </class> <!-- com.ebanking.master.Exepom -->
    </test> <!-- Default test -->
  </suite> <!-- Default suite -->
</testng-results>
