<?xml version="1.0" encoding="UTF-8"?>
<testng-results skipped="0" failed="0" ignored="0" total="2" passed="2">
  <reporter-output>
  </reporter-output>
  <suite name="Suite" duration-ms="36726" started-at="2025-03-05T18:04:33 IST" finished-at="2025-03-05T18:05:10 IST">
    <groups>
    </groups>
    <test name="On chrome" duration-ms="27908" started-at="2025-03-05T18:04:33 IST" finished-at="2025-03-05T18:05:01 IST">
      <class name="com.ebanking.master.Sgrid">
        <test-method status="PASS" signature="Grid(java.lang.String)[pri:0, instance:com.ebanking.master.Sgrid@cb51256]" name="Grid" duration-ms="27736" started-at="2025-03-05T18:04:33 IST" finished-at="2025-03-05T18:05:01 IST">
          <params>
            <param index="0">
              <value>
                <![CDATA[chrome]]>
              </value>
            </param>
          </params>
          <reporter-output>
          </reporter-output>
        </test-method> <!-- Grid -->
      </class> <!-- com.ebanking.master.Sgrid -->
    </test> <!-- On chrome -->
    <test name="On firefox" duration-ms="36726" started-at="2025-03-05T18:04:33 IST" finished-at="2025-03-05T18:05:10 IST">
      <class name="com.ebanking.master.Sgrid">
        <test-method status="PASS" signature="Grid(java.lang.String)[pri:0, instance:com.ebanking.master.Sgrid@1f57539]" name="Grid" duration-ms="36638" started-at="2025-03-05T18:04:33 IST" finished-at="2025-03-05T18:05:10 IST">
          <params>
            <param index="0">
              <value>
                <![CDATA[firefox]]>
              </value>
            </param>
          </params>
          <reporter-output>
          </reporter-output>
        </test-method> <!-- Grid -->
      </class> <!-- com.ebanking.master.Sgrid -->
    </test> <!-- On firefox -->
  </suite> <!-- Suite -->
</testng-results>
