<?xml version="1.0" encoding="UTF-8"?>
<!-- Generated by org.testng.reporters.JUnitXMLReporter -->
<testsuite hostname="DESKTOP-ADGCHK6" ignored="0" name="Default test" tests="3" failures="0" timestamp="2025-02-21T16:45:59 IST" time="71.898" errors="0">
  <testcase name="Role" time="20.002" classname="com.ebanking.master.Exepom"/>
  <testcase name="Role" time="19.712" classname="com.ebanking.master.Exepom"/>
  <testcase name="Role" time="19.703" classname="com.ebanking.master.Exepom"/>
</testsuite> <!-- Default test -->
